<?xml version="1.0" encoding="UTF-8"?>
<testsuite xmlns:xsi="http://www.w3.org/2001/XMLSchema-instance" xsi:noNamespaceSchemaLocation="https://maven.apache.org/surefire/maven-surefire-plugin/xsd/surefire-test-report.xsd" name="com.kang.dao.UserMapperTest" time="0.111" tests="7" errors="7" skipped="0" failures="0">
  <properties>
    <property name="sun.desktop" value="windows"/>
    <property name="awt.toolkit" value="sun.awt.windows.WToolkit"/>
    <property name="java.specification.version" value="11"/>
    <property name="sun.cpu.isalist" value="amd64"/>
    <property name="sun.jnu.encoding" value="GBK"/>
    <property name="java.class.path" value="C:\IDEA\mybatis\mybatis-02\target\test-classes;C:\IDEA\mybatis\mybatis-02\target\classes;C:\Users\klr10\.m2\repository\junit\junit\4.11\junit-4.11.jar;C:\Users\klr10\.m2\repository\org\hamcrest\hamcrest-core\1.3\hamcrest-core-1.3.jar;C:\Users\klr10\.m2\repository\mysql\mysql-connector-java\5.1.47\mysql-connector-java-5.1.47.jar;C:\Users\klr10\.m2\repository\org\mybatis\mybatis\3.5.4\mybatis-3.5.4.jar;"/>
    <property name="java.vm.vendor" value="JetBrains s.r.o"/>
    <property name="sun.arch.data.model" value="64"/>
    <property name="user.variant" value=""/>
    <property name="java.vendor.url" value="https://www.jetbrains.com/"/>
    <property name="user.timezone" value="Asia/Shanghai"/>
    <property name="java.vm.specification.version" value="11"/>
    <property name="os.name" value="Windows 10"/>
    <property name="sun.java.launcher" value="SUN_STANDARD"/>
    <property name="user.country" value="CN"/>
    <property name="sun.boot.library.path" value="C:\IDEA\IntelliJ IDEA 2019.3.3\jbr\bin"/>
    <property name="sun.java.command" value="C:\Users\klr10\AppData\Local\Temp\surefire9418248349176560853\surefirebooter9975470952069175108.jar C:\Users\klr10\AppData\Local\Temp\surefire9418248349176560853 2020-03-15T16-51-51_879-jvmRun1 surefire3011797179738774773tmp surefire_018263335620983965729tmp"/>
    <property name="jdk.debug" value="release"/>
    <property name="surefire.test.class.path" value="C:\IDEA\mybatis\mybatis-02\target\test-classes;C:\IDEA\mybatis\mybatis-02\target\classes;C:\Users\klr10\.m2\repository\junit\junit\4.11\junit-4.11.jar;C:\Users\klr10\.m2\repository\org\hamcrest\hamcrest-core\1.3\hamcrest-core-1.3.jar;C:\Users\klr10\.m2\repository\mysql\mysql-connector-java\5.1.47\mysql-connector-java-5.1.47.jar;C:\Users\klr10\.m2\repository\org\mybatis\mybatis\3.5.4\mybatis-3.5.4.jar;"/>
    <property name="sun.cpu.endian" value="little"/>
    <property name="user.home" value="C:\Users\klr10"/>
    <property name="user.language" value="zh"/>
    <property name="java.specification.vendor" value="Oracle Corporation"/>
    <property name="java.version.date" value="2019-10-15"/>
    <property name="java.home" value="C:\IDEA\IntelliJ IDEA 2019.3.3\jbr"/>
    <property name="file.separator" value="\"/>
    <property name="basedir" value="C:\IDEA\mybatis\mybatis-02"/>
    <property name="java.vm.compressedOopsMode" value="32-bit"/>
    <property name="line.separator" value="&#10;"/>
    <property name="java.specification.name" value="Java Platform API Specification"/>
    <property name="java.vm.specification.vendor" value="Oracle Corporation"/>
    <property name="java.awt.graphicsenv" value="sun.awt.Win32GraphicsEnvironment"/>
    <property name="surefire.real.class.path" value="C:\Users\klr10\AppData\Local\Temp\surefire9418248349176560853\surefirebooter9975470952069175108.jar"/>
    <property name="user.script" value=""/>
    <property name="sun.management.compiler" value="HotSpot 64-Bit Tiered Compilers"/>
    <property name="java.runtime.version" value="11.0.5+10-b520.38"/>
    <property name="user.name" value="klr106"/>
    <property name="path.separator" value=";"/>
    <property name="os.version" value="10.0"/>
    <property name="java.runtime.name" value="OpenJDK Runtime Environment"/>
    <property name="file.encoding" value="GBK"/>
    <property name="java.vm.name" value="OpenJDK 64-Bit Server VM"/>
    <property name="localRepository" value="C:\Users\klr10\.m2\repository"/>
    <property name="java.vendor.url.bug" value="https://youtrack.jetbrains.com"/>
    <property name="java.io.tmpdir" value="C:\Users\klr10\AppData\Local\Temp\"/>
    <property name="java.version" value="11.0.5"/>
    <property name="user.dir" value="C:\IDEA\mybatis\mybatis-02"/>
    <property name="os.arch" value="amd64"/>
    <property name="java.vm.specification.name" value="Java Virtual Machine Specification"/>
    <property name="java.awt.printerjob" value="sun.awt.windows.WPrinterJob"/>
    <property name="sun.os.patch.level" value=""/>
    <property name="idea.version2019.3.3" value="true"/>
    <property name="java.library.path" value="C:\IDEA\IntelliJ IDEA 2019.3.3\jbr\bin;C:\WINDOWS\Sun\Java\bin;C:\WINDOWS\system32;C:\WINDOWS;D:\JAVAjdk\Program Files\bin;D:\Maven\apache-maven-3.6.3\bin;D:\IDEA\tomcat\apache-tomcat-9.0.20\apache-tomcat-9.0.20\lib\servlet-api.jar;C:\WINDOWS\system32;C:\WINDOWS;C:\WINDOWS\System32\Wbem;C:\WINDOWS\System32\WindowsPowerShell\v1.0\;C:\WINDOWS\System32\OpenSSH\;C:\Program Files\dotnet\;C:\Program Files\Microsoft SQL Server\130\Tools\Binn\;C:\Program Files\Microsoft SQL Server\Client SDK\ODBC\170\Tools\Binn\;C:\Program Files (x86)\Microsoft SQL Server\100\Tools\Binn\;C:\Program Files\Microsoft SQL Server\100\Tools\Binn\;C:\Program Files\Microsoft SQL Server\100\DTS\Binn\;C:\Program Files\Git\cmd;C:\Program Files\nodejs\;C:\Program Files\MySQL\MySQL Shell 8.0\bin\;D:\VScode\Microsoft VS Code\bin;C:\Users\klr10\AppData\Roaming\npm;C:\Users\klr10\AppData\Local\Microsoft\WindowsApps;C:\Users\klr10\AppData\Local\GitHubDesktop\bin;;C:\Users\klr10\idea\IntelliJ IDEA Community Edition 2019.3\bin;;C:\IDEA\IntelliJ IDEA 2019.3.3\bin;;."/>
    <property name="java.vendor" value="JetBrains s.r.o"/>
    <property name="java.vm.info" value="mixed mode, sharing"/>
    <property name="java.vm.version" value="11.0.5+10-b520.38"/>
    <property name="sun.io.unicode.encoding" value="UnicodeLittle"/>
    <property name="java.class.version" value="55.0"/>
  </properties>
  <testcase name="addUser" classname="com.kang.dao.UserMapperTest" time="0.048">
    <error type="java.lang.NullPointerException">java.lang.NullPointerException
	at com.kang.dao.UserMapperTest.addUser(UserMapperTest.java:58)
</error>
    <system-err><![CDATA[java.io.IOException: Could not find resource mybatis-config.xml
	at org.apache.ibatis.io.Resources.getResourceAsStream(Resources.java:114)
	at org.apache.ibatis.io.Resources.getResourceAsStream(Resources.java:100)
	at com.kang.utils.MybatisUtils.<clinit>(MybatisUtils.java:27)
	at com.kang.dao.UserMapperTest.addUser(UserMapperTest.java:58)
	at java.base/jdk.internal.reflect.NativeMethodAccessorImpl.invoke0(Native Method)
	at java.base/jdk.internal.reflect.NativeMethodAccessorImpl.invoke(NativeMethodAccessorImpl.java:62)
	at java.base/jdk.internal.reflect.DelegatingMethodAccessorImpl.invoke(DelegatingMethodAccessorImpl.java:43)
	at java.base/java.lang.reflect.Method.invoke(Method.java:566)
	at org.junit.runners.model.FrameworkMethod$1.runReflectiveCall(FrameworkMethod.java:47)
	at org.junit.internal.runners.model.ReflectiveCallable.run(ReflectiveCallable.java:12)
	at org.junit.runners.model.FrameworkMethod.invokeExplosively(FrameworkMethod.java:44)
	at org.junit.internal.runners.statements.InvokeMethod.evaluate(InvokeMethod.java:17)
	at org.junit.runners.ParentRunner.runLeaf(ParentRunner.java:271)
	at org.junit.runners.BlockJUnit4ClassRunner.runChild(BlockJUnit4ClassRunner.java:70)
	at org.junit.runners.BlockJUnit4ClassRunner.runChild(BlockJUnit4ClassRunner.java:50)
	at org.junit.runners.ParentRunner$3.run(ParentRunner.java:238)
	at org.junit.runners.ParentRunner$1.schedule(ParentRunner.java:63)
	at org.junit.runners.ParentRunner.runChildren(ParentRunner.java:236)
	at org.junit.runners.ParentRunner.access$000(ParentRunner.java:53)
	at org.junit.runners.ParentRunner$2.evaluate(ParentRunner.java:229)
	at org.junit.runners.ParentRunner.run(ParentRunner.java:309)
	at org.apache.maven.surefire.junit4.JUnit4Provider.execute(JUnit4Provider.java:365)
	at org.apache.maven.surefire.junit4.JUnit4Provider.executeWithRerun(JUnit4Provider.java:273)
	at org.apache.maven.surefire.junit4.JUnit4Provider.executeTestSet(JUnit4Provider.java:238)
	at org.apache.maven.surefire.junit4.JUnit4Provider.invoke(JUnit4Provider.java:159)
	at org.apache.maven.surefire.booter.ForkedBooter.invokeProviderInSameClassLoader(ForkedBooter.java:384)
	at org.apache.maven.surefire.booter.ForkedBooter.runSuitesInProcess(ForkedBooter.java:345)
	at org.apache.maven.surefire.booter.ForkedBooter.execute(ForkedBooter.java:126)
	at org.apache.maven.surefire.booter.ForkedBooter.main(ForkedBooter.java:418)
]]></system-err>
  </testcase>
  <testcase name="updateUser" classname="com.kang.dao.UserMapperTest" time="0.001">
    <error type="java.lang.NullPointerException">java.lang.NullPointerException
	at com.kang.dao.UserMapperTest.updateUser(UserMapperTest.java:74)
</error>
  </testcase>
  <testcase name="getAllUser" classname="com.kang.dao.UserMapperTest" time="0.001">
    <error type="java.lang.NullPointerException">java.lang.NullPointerException
	at com.kang.dao.UserMapperTest.getAllUser(UserMapperTest.java:20)
</error>
  </testcase>
  <testcase name="addUserByMap" classname="com.kang.dao.UserMapperTest" time="0">
    <error type="java.lang.NullPointerException">java.lang.NullPointerException
	at com.kang.dao.UserMapperTest.addUserByMap(UserMapperTest.java:108)
</error>
  </testcase>
  <testcase name="getUserByMap" classname="com.kang.dao.UserMapperTest" time="0.001">
    <error type="java.lang.NullPointerException">java.lang.NullPointerException
	at com.kang.dao.UserMapperTest.getUserByMap(UserMapperTest.java:129)
</error>
  </testcase>
  <testcase name="deleteUser" classname="com.kang.dao.UserMapperTest" time="0.001">
    <error type="java.lang.NullPointerException">java.lang.NullPointerException
	at com.kang.dao.UserMapperTest.deleteUser(UserMapperTest.java:90)
</error>
  </testcase>
  <testcase name="getUserById" classname="com.kang.dao.UserMapperTest" time="0.001">
    <error type="java.lang.NullPointerException">java.lang.NullPointerException
	at com.kang.dao.UserMapperTest.getUserById(UserMapperTest.java:42)
</error>
  </testcase>
</testsuite>